# JRE version: Java(TM) SE Runtime Environment (17.0.9+11) (build 17.0.9+11-LTS-201)
# Java VM: Java HotSpot(TM) 64-Bit Server VM (17.0.9+11-LTS-201, mixed mode, sharing, tiered, compressed oops, compressed class ptrs, g1 gc, windows-amd64)
GC Precious Log:
 CPUs: 4 total, 4 available
 Memory: 7619M
 Large Page Support: Disabled
 NUMA Support: Disabled
 Compressed Oops: Enabled (32-bit)
 Heap Region Size: 1M
 Heap Min Capacity: 8M
 Heap Initial Capacity: 120M
 Heap Max Capacity: 1906M
 Pre-touch: Disabled
 Parallel Workers: 4
 Concurrent Workers: 1
 Concurrent Refinement Workers: 4
 Periodic GC: Disabled
Heap:
 garbage-first heap   total 87040K, used 54464K [0x0000000088e00000, 0x0000000100000000)
  region size 1024K, 32 young (32768K), 1 survivors (1024K)
 Metaspace       used 48437K, committed 48896K, reserved 1114112K
  class space    used 6464K, committed 6656K, reserved 1048576K
GC Heap History (20 events):
Event: 2.443 GC heap before
{Heap before GC invocations=1 (full 0):
 garbage-first heap   total 122880K, used 16145K [0x0000000088e00000, 0x0000000100000000)
  region size 1024K, 11 young (11264K), 2 survivors (2048K)
 Metaspace       used 5318K, committed 5440K, reserved 1114112K
  class space    used 596K, committed 640K, reserved 1048576K
}
Event: 2.450 GC heap after
{Heap after GC invocations=2 (full 0):
 garbage-first heap   total 122880K, used 7848K [0x0000000088e00000, 0x0000000100000000)
  region size 1024K, 1 young (1024K), 1 survivors (1024K)
 Metaspace       used 5318K, committed 5440K, reserved 1114112K
  class space    used 596K, committed 640K, reserved 1048576K
}
Event: 4.979 GC heap before
{Heap before GC invocations=2 (full 0):
 garbage-first heap   total 122880K, used 29352K [0x0000000088e00000, 0x0000000100000000)
  region size 1024K, 23 young (23552K), 1 survivors (1024K)
 Metaspace       used 10690K, committed 10944K, reserved 1114112K
  class space    used 1334K, committed 1472K, reserved 1048576K
}
Event: 4.986 GC heap after
{Heap after GC invocations=3 (full 0):
 garbage-first heap   total 122880K, used 9331K [0x0000000088e00000, 0x0000000100000000)
  region size 1024K, 3 young (3072K), 3 survivors (3072K)
 Metaspace       used 10690K, committed 10944K, reserved 1114112K
  class space    used 1334K, committed 1472K, reserved 1048576K
}
Event: 8.482 GC heap before
{Heap before GC invocations=3 (full 0):
 garbage-first heap   total 122880K, used 73843K [0x0000000088e00000, 0x0000000100000000)
  region size 1024K, 68 young (69632K), 3 survivors (3072K)
 Metaspace       used 21277K, committed 21504K, reserved 1114112K
  class space    used 2702K, committed 2816K, reserved 1048576K
}
Event: 8.496 GC heap after
{Heap after GC invocations=4 (full 0):
 garbage-first heap   total 122880K, used 13804K [0x0000000088e00000, 0x0000000100000000)
  region size 1024K, 7 young (7168K), 7 survivors (7168K)
 Metaspace       used 21277K, committed 21504K, reserved 1114112K
  class space    used 2702K, committed 2816K, reserved 1048576K
}
Event: 10.433 GC heap before
{Heap before GC invocations=5 (full 0):
 garbage-first heap   total 58368K, used 41452K [0x0000000088e00000, 0x0000000100000000)
  region size 1024K, 34 young (34816K), 7 survivors (7168K)
 Metaspace       used 27269K, committed 27648K, reserved 1114112K
  class space    used 3574K, committed 3776K, reserved 1048576K
}
Event: 10.458 GC heap after
{Heap after GC invocations=6 (full 0):
 garbage-first heap   total 58368K, used 15872K [0x0000000088e00000, 0x0000000100000000)
  region size 1024K, 3 young (3072K), 3 survivors (3072K)
 Metaspace       used 27269K, committed 27648K, reserved 1114112K
  class space    used 3574K, committed 3776K, reserved 1048576K
}
Event: 10.492 GC heap before
{Heap before GC invocations=6 (full 0):
 garbage-first heap   total 58368K, used 16896K [0x0000000088e00000, 0x0000000100000000)
  region size 1024K, 4 young (4096K), 3 survivors (3072K)
 Metaspace       used 27406K, committed 27840K, reserved 1114112K
  class space    used 3589K, committed 3776K, reserved 1048576K
}
Event: 10.498 GC heap after
{Heap after GC invocations=7 (full 0):
 garbage-first heap   total 58368K, used 16435K [0x0000000088e00000, 0x0000000100000000)
  region size 1024K, 1 young (1024K), 1 survivors (1024K)
 Metaspace       used 27406K, committed 27840K, reserved 1114112K
  class space    used 3589K, committed 3776K, reserved 1048576K
}
Event: 13.111 GC heap before
{Heap before GC invocations=7 (full 0):
 garbage-first heap   total 58368K, used 39987K [0x0000000088e00000, 0x0000000100000000)
  region size 1024K, 24 young (24576K), 1 survivors (1024K)
 Metaspace       used 30523K, committed 30912K, reserved 1114112K
  class space    used 3970K, committed 4160K, reserved 1048576K
}
Event: 13.119 GC heap after
{Heap after GC invocations=8 (full 0):
 garbage-first heap   total 58368K, used 17485K [0x0000000088e00000, 0x0000000100000000)
  region size 1024K, 2 young (2048K), 2 survivors (2048K)
 Metaspace       used 30523K, committed 30912K, reserved 1114112K
  class space    used 3970K, committed 4160K, reserved 1048576K
}
Event: 17.511 GC heap before
{Heap before GC invocations=8 (full 0):
 garbage-first heap   total 58368K, used 42061K [0x0000000088e00000, 0x0000000100000000)
  region size 1024K, 26 young (26624K), 2 survivors (2048K)
 Metaspace       used 33813K, committed 34240K, reserved 1114112K
  class space    used 4488K, committed 4672K, reserved 1048576K
}
Event: 17.524 GC heap after
{Heap after GC invocations=9 (full 0):
 garbage-first heap   total 58368K, used 19304K [0x0000000088e00000, 0x0000000100000000)
  region size 1024K, 4 young (4096K), 4 survivors (4096K)
 Metaspace       used 33813K, committed 34240K, reserved 1114112K
  class space    used 4488K, committed 4672K, reserved 1048576K
}
Event: 18.325 GC heap before
{Heap before GC invocations=9 (full 0):
 garbage-first heap   total 58368K, used 23400K [0x0000000088e00000, 0x0000000100000000)
  region size 1024K, 9 young (9216K), 4 survivors (4096K)
 Metaspace       used 35779K, committed 36160K, reserved 1114112K
  class space    used 4741K, committed 4928K, reserved 1048576K
}
Event: 18.337 GC heap after
{Heap after GC invocations=10 (full 0):
 garbage-first heap   total 58368K, used 19958K [0x0000000088e00000, 0x0000000100000000)
  region size 1024K, 3 young (3072K), 3 survivors (3072K)
 Metaspace       used 35779K, committed 36160K, reserved 1114112K
  class space    used 4741K, committed 4928K, reserved 1048576K
}
Event: 19.993 GC heap before
{Heap before GC invocations=11 (full 0):
 garbage-first heap   total 58368K, used 42486K [0x0000000088e00000, 0x0000000100000000)
  region size 1024K, 26 young (26624K), 3 survivors (3072K)
 Metaspace       used 41335K, committed 41728K, reserved 1114112K
  class space    used 5494K, committed 5696K, reserved 1048576K
}
Event: 20.009 GC heap after
{Heap after GC invocations=12 (full 0):
 garbage-first heap   total 58368K, used 23333K [0x0000000088e00000, 0x0000000100000000)
  region size 1024K, 4 young (4096K), 4 survivors (4096K)
 Metaspace       used 41335K, committed 41728K, reserved 1114112K
  class space    used 5494K, committed 5696K, reserved 1048576K
}
Event: 20.141 GC heap before
{Heap before GC invocations=12 (full 0):
 garbage-first heap   total 58368K, used 23333K [0x0000000088e00000, 0x0000000100000000)
  region size 1024K, 5 young (5120K), 4 survivors (4096K)
 Metaspace       used 41614K, committed 41984K, reserved 1114112K
  class space    used 5522K, committed 5696K, reserved 1048576K
}
Event: 20.158 GC heap after
{Heap after GC invocations=13 (full 0):
 garbage-first heap   total 87040K, used 23744K [0x0000000088e00000, 0x0000000100000000)
  region size 1024K, 1 young (1024K), 1 survivors (1024K)
 Metaspace       used 41614K, committed 41984K, reserved 1114112K
  class space    used 5522K, committed 5696K, reserved 1048576K
}

